{"contracts\\MockUSDC.sol":{"l":{"9":1,"13":1,"17":3},"path":"D:\\Blockchain\\final\\BankingSystem\\contracts\\MockUSDC.sol","s":{"1":1,"2":1,"3":3},"b":{"1":[3,1]},"f":{"1":1,"2":1,"3":3},"fnMap":{"1":{"name":"constructor","line":8,"loc":{"start":{"line":8,"column":4},"end":{"line":10,"column":4}}},"2":{"name":"decimals","line":12,"loc":{"start":{"line":12,"column":4},"end":{"line":14,"column":4}}},"3":{"name":"mint","line":16,"loc":{"start":{"line":16,"column":4},"end":{"line":18,"column":4}}}},"statementMap":{"1":{"start":{"line":9,"column":8},"end":{"line":9,"column":38}},"2":{"start":{"line":13,"column":8},"end":{"line":13,"column":16}},"3":{"start":{"line":17,"column":8},"end":{"line":17,"column":24}}},"branchMap":{"1":{"line":16,"type":"if","locations":[{"start":{"line":16,"column":55},"end":{"line":16,"column":55}},{"start":{"line":16,"column":55},"end":{"line":16,"column":55}}]}}},"contracts\\SavingCore.sol":{"l":{"115":1,"116":1,"117":1,"121":34,"122":30,"132":19,"134":18,"135":18,"145":18,"149":2,"151":2,"152":2,"154":2,"158":0,"159":0,"160":0,"164":1,"165":1,"166":1,"170":0,"171":0,"172":0,"176":0,"180":10,"181":10,"182":10,"186":2,"195":17,"196":16,"198":14,"199":14,"201":13,"203":13,"219":2,"220":1,"222":1,"223":1,"225":1,"227":1,"228":1,"230":1,"238":5,"239":4,"241":4,"242":4,"244":4,"246":4,"247":4,"248":4,"251":4,"260":4,"261":3,"263":2,"265":2,"266":2,"268":2,"272":2,"284":2,"293":2,"294":2,"295":2,"296":2,"297":1,"300":1,"301":1,"304":1,"306":1,"318":1,"330":16,"332":16,"333":16,"334":16,"337":16,"353":16,"354":16,"356":16,"358":16,"362":8,"363":8,"365":8,"366":8,"380":3,"382":3,"383":3,"385":3,"401":33,"402":33,"406":17,"407":17,"417":19,"418":19,"419":18,"420":18,"424":18,"425":17,"429":22,"430":22,"434":19,"435":19,"443":11,"444":11,"445":11,"446":11,"450":18,"451":18,"455":2,"456":2,"457":2,"459":2,"460":0,"461":0,"462":0,"465":2,"466":2,"473":18,"475":18,"476":0,"479":18,"480":2,"483":18,"484":18,"485":18},"path":"D:\\Blockchain\\final\\BankingSystem\\contracts\\SavingCore.sol","s":{"1":1,"2":34,"3":19,"4":18,"5":2,"6":2,"7":2,"8":0,"9":0,"10":1,"11":1,"12":0,"13":0,"14":0,"15":0,"16":10,"17":10,"18":10,"19":2,"20":17,"21":16,"22":14,"23":14,"24":13,"25":2,"26":1,"27":1,"28":1,"29":1,"30":1,"31":1,"32":1,"33":5,"34":4,"35":4,"36":4,"37":4,"38":4,"39":4,"40":4,"41":4,"42":4,"43":3,"44":2,"45":2,"46":2,"47":2,"48":2,"49":2,"50":2,"51":2,"52":2,"53":1,"54":1,"55":1,"56":1,"57":16,"58":16,"59":16,"60":16,"61":16,"62":3,"63":3,"64":3,"65":33,"66":33,"67":17,"68":17,"69":19,"70":19,"71":18,"72":18,"73":18,"74":17,"75":22,"76":19,"77":11,"78":11,"79":11,"80":18,"81":2,"82":2,"83":2,"84":2,"85":0,"86":2,"87":18,"88":18,"89":0,"90":18,"91":2,"92":18,"93":18},"b":{"1":[4,30],"2":[19,0],"3":[2,0],"4":[0,2],"5":[0,0],"6":[1,0],"7":[0,10],"8":[18,0],"9":[17,1],"10":[3,0],"11":[2,1],"12":[0,1],"13":[6,0],"14":[5,1],"15":[0,4],"16":[4,0],"17":[5,0],"18":[4,1],"19":[1,2],"20":[2,0],"21":[2,0],"22":[0,2],"23":[0,2],"24":[1,1],"25":[1,16],"26":[0,19],"27":[1,18],"28":[0,18],"29":[0,18],"30":[1,17],"31":[1,16],"32":[0,22],"33":[1,18],"34":[0,11],"35":[0,11],"36":[3,8],"37":[0,2],"38":[0,18],"39":[2,16],"40":[18,0]},"f":{"1":1,"2":34,"3":19,"4":2,"5":0,"6":1,"7":0,"8":0,"9":10,"10":2,"11":17,"12":2,"13":5,"14":4,"15":2,"16":16,"17":8,"18":3,"19":33,"20":17,"21":19,"22":18,"23":22,"24":19,"25":11,"26":18,"27":2,"28":18},"fnMap":{"1":{"name":"constructor","line":113,"loc":{"start":{"line":112,"column":4},"end":{"line":118,"column":4}}},"2":{"name":"whenSystemNotPaused","line":120,"loc":{"start":{"line":120,"column":4},"end":{"line":123,"column":4}}},"3":{"name":"createPlan","line":131,"loc":{"start":{"line":125,"column":4},"end":{"line":146,"column":4}}},"4":{"name":"updatePlan","line":148,"loc":{"start":{"line":148,"column":4},"end":{"line":155,"column":4}}},"5":{"name":"enablePlan","line":157,"loc":{"start":{"line":157,"column":4},"end":{"line":161,"column":4}}},"6":{"name":"disablePlan","line":163,"loc":{"start":{"line":163,"column":4},"end":{"line":167,"column":4}}},"7":{"name":"previewPlanInterest","line":169,"loc":{"start":{"line":169,"column":4},"end":{"line":173,"column":4}}},"8":{"name":"getPlan","line":175,"loc":{"start":{"line":175,"column":4},"end":{"line":177,"column":4}}},"9":{"name":"getDeposit","line":179,"loc":{"start":{"line":179,"column":4},"end":{"line":183,"column":4}}},"10":{"name":"getDepositIdsByOwner","line":185,"loc":{"start":{"line":185,"column":4},"end":{"line":187,"column":4}}},"11":{"name":"openDeposit","line":192,"loc":{"start":{"line":189,"column":4},"end":{"line":212,"column":4}}},"12":{"name":"withdrawAtMaturity","line":217,"loc":{"start":{"line":214,"column":4},"end":{"line":231,"column":4}}},"13":{"name":"earlyWithdraw","line":236,"loc":{"start":{"line":233,"column":4},"end":{"line":252,"column":4}}},"14":{"name":"renewDeposit","line":257,"loc":{"start":{"line":254,"column":4},"end":{"line":285,"column":4}}},"15":{"name":"autoRenewDeposit","line":290,"loc":{"start":{"line":287,"column":4},"end":{"line":319,"column":4}}},"16":{"name":"_createDeposit","line":321,"loc":{"start":{"line":321,"column":4},"end":{"line":359,"column":4}}},"17":{"name":"_closeDeposit","line":361,"loc":{"start":{"line":361,"column":4},"end":{"line":367,"column":4}}},"18":{"name":"_settleRenewal","line":369,"loc":{"start":{"line":369,"column":4},"end":{"line":394,"column":4}}},"19":{"name":"_calculateInterest","line":396,"loc":{"start":{"line":396,"column":4},"end":{"line":403,"column":4}}},"20":{"name":"_ensureVaultCanCoverAdditionalObligation","line":405,"loc":{"start":{"line":405,"column":4},"end":{"line":408,"column":4}}},"21":{"name":"_validatePlanConfig","line":410,"loc":{"start":{"line":410,"column":4},"end":{"line":421,"column":4}}},"22":{"name":"_validateDepositAmount","line":423,"loc":{"start":{"line":423,"column":4},"end":{"line":426,"column":4}}},"23":{"name":"_getExistingPlan","line":428,"loc":{"start":{"line":428,"column":4},"end":{"line":431,"column":4}}},"24":{"name":"_getEnabledPlan","line":433,"loc":{"start":{"line":433,"column":4},"end":{"line":436,"column":4}}},"25":{"name":"_getActiveDepositOwnedBySender","line":438,"loc":{"start":{"line":438,"column":4},"end":{"line":447,"column":4}}},"26":{"name":"_addDepositToOwner","line":449,"loc":{"start":{"line":449,"column":4},"end":{"line":452,"column":4}}},"27":{"name":"_removeDepositFromOwner","line":454,"loc":{"start":{"line":454,"column":4},"end":{"line":467,"column":4}}},"28":{"name":"_afterTokenTransfer","line":469,"loc":{"start":{"line":469,"column":4},"end":{"line":487,"column":4}}}},"statementMap":{"1":{"start":{"line":117,"column":8},"end":{"line":117,"column":38}},"2":{"start":{"line":121,"column":8},"end":{"line":121,"column":56}},"3":{"start":{"line":132,"column":8},"end":{"line":132,"column":94}},"4":{"start":{"line":145,"column":8},"end":{"line":145,"column":51}},"5":{"start":{"line":149,"column":8},"end":{"line":149,"column":60}},"6":{"start":{"line":151,"column":8},"end":{"line":151,"column":52}},"7":{"start":{"line":154,"column":8},"end":{"line":154,"column":43}},"8":{"start":{"line":158,"column":8},"end":{"line":158,"column":52}},"9":{"start":{"line":160,"column":8},"end":{"line":160,"column":44}},"10":{"start":{"line":164,"column":8},"end":{"line":164,"column":52}},"11":{"start":{"line":166,"column":8},"end":{"line":166,"column":45}},"12":{"start":{"line":170,"column":8},"end":{"line":170,"column":52}},"13":{"start":{"line":171,"column":8},"end":{"line":171,"column":43}},"14":{"start":{"line":172,"column":8},"end":{"line":172,"column":70}},"15":{"start":{"line":176,"column":8},"end":{"line":176,"column":39}},"16":{"start":{"line":180,"column":8},"end":{"line":180,"column":56}},"17":{"start":{"line":181,"column":8},"end":{"line":181,"column":64}},"18":{"start":{"line":182,"column":8},"end":{"line":182,"column":26}},"19":{"start":{"line":186,"column":8},"end":{"line":186,"column":39}},"20":{"start":{"line":195,"column":8},"end":{"line":195,"column":51}},"21":{"start":{"line":196,"column":8},"end":{"line":196,"column":43}},"22":{"start":{"line":198,"column":8},"end":{"line":198,"column":90}},"23":{"start":{"line":199,"column":8},"end":{"line":199,"column":65}},"24":{"start":{"line":201,"column":8},"end":{"line":201,"column":64}},"25":{"start":{"line":219,"column":8},"end":{"line":219,"column":79}},"26":{"start":{"line":220,"column":8},"end":{"line":220,"column":80}},"27":{"start":{"line":222,"column":8},"end":{"line":222,"column":49}},"28":{"start":{"line":223,"column":8},"end":{"line":223,"column":55}},"29":{"start":{"line":225,"column":8},"end":{"line":225,"column":58}},"30":{"start":{"line":227,"column":8},"end":{"line":227,"column":48}},"31":{"start":{"line":228,"column":8},"end":{"line":228,"column":53}},"32":{"start":{"line":230,"column":8},"end":{"line":230,"column":73}},"33":{"start":{"line":238,"column":8},"end":{"line":238,"column":79}},"34":{"start":{"line":239,"column":8},"end":{"line":239,"column":81}},"35":{"start":{"line":241,"column":8},"end":{"line":241,"column":98}},"36":{"start":{"line":242,"column":8},"end":{"line":242,"column":67}},"37":{"start":{"line":244,"column":8},"end":{"line":244,"column":58}},"38":{"start":{"line":246,"column":8},"end":{"line":246,"column":56}},"39":{"start":{"line":247,"column":8},"end":{"line":247,"column":7962}},"40":{"start":{"line":248,"column":12},"end":{"line":248,"column":66}},"41":{"start":{"line":251,"column":8},"end":{"line":251,"column":73}},"42":{"start":{"line":260,"column":8},"end":{"line":260,"column":78}},"43":{"start":{"line":261,"column":8},"end":{"line":261,"column":79}},"44":{"start":{"line":263,"column":8},"end":{"line":263,"column":57}},"45":{"start":{"line":265,"column":8},"end":{"line":265,"column":81}},"46":{"start":{"line":266,"column":8},"end":{"line":266,"column":52}},"47":{"start":{"line":268,"column":8},"end":{"line":268,"column":8687}},"48":{"start":{"line":284,"column":8},"end":{"line":284,"column":70}},"49":{"start":{"line":293,"column":8},"end":{"line":293,"column":56}},"50":{"start":{"line":294,"column":8},"end":{"line":294,"column":63}},"51":{"start":{"line":295,"column":8},"end":{"line":295,"column":79}},"52":{"start":{"line":296,"column":8},"end":{"line":296,"column":9611}},"53":{"start":{"line":300,"column":8},"end":{"line":300,"column":81}},"54":{"start":{"line":301,"column":8},"end":{"line":301,"column":9831}},"55":{"start":{"line":304,"column":8},"end":{"line":304,"column":68}},"56":{"start":{"line":318,"column":8},"end":{"line":318,"column":78}},"57":{"start":{"line":332,"column":8},"end":{"line":332,"column":41}},"58":{"start":{"line":333,"column":8},"end":{"line":333,"column":74}},"59":{"start":{"line":334,"column":8},"end":{"line":334,"column":10988}},"60":{"start":{"line":356,"column":8},"end":{"line":356,"column":34}},"61":{"start":{"line":358,"column":8},"end":{"line":358,"column":89}},"62":{"start":{"line":380,"column":8},"end":{"line":380,"column":57}},"63":{"start":{"line":382,"column":8},"end":{"line":382,"column":44}},"64":{"start":{"line":383,"column":8},"end":{"line":383,"column":59}},"65":{"start":{"line":401,"column":8},"end":{"line":401,"column":58}},"66":{"start":{"line":402,"column":8},"end":{"line":402,"column":89}},"67":{"start":{"line":406,"column":8},"end":{"line":406,"column":95}},"68":{"start":{"line":407,"column":8},"end":{"line":407,"column":99}},"69":{"start":{"line":417,"column":8},"end":{"line":417,"column":49}},"70":{"start":{"line":418,"column":8},"end":{"line":418,"column":57}},"71":{"start":{"line":419,"column":8},"end":{"line":419,"column":78}},"72":{"start":{"line":420,"column":8},"end":{"line":420,"column":82}},"73":{"start":{"line":424,"column":8},"end":{"line":424,"column":65}},"74":{"start":{"line":425,"column":8},"end":{"line":425,"column":89}},"75":{"start":{"line":430,"column":8},"end":{"line":430,"column":51}},"76":{"start":{"line":435,"column":8},"end":{"line":435,"column":48}},"77":{"start":{"line":444,"column":8},"end":{"line":444,"column":64}},"78":{"start":{"line":445,"column":8},"end":{"line":445,"column":70}},"79":{"start":{"line":446,"column":8},"end":{"line":446,"column":80}},"80":{"start":{"line":451,"column":8},"end":{"line":451,"column":45}},"81":{"start":{"line":455,"column":8},"end":{"line":455,"column":61}},"82":{"start":{"line":456,"column":8},"end":{"line":456,"column":52}},"83":{"start":{"line":457,"column":8},"end":{"line":457,"column":49}},"84":{"start":{"line":459,"column":8},"end":{"line":459,"column":15483}},"85":{"start":{"line":460,"column":12},"end":{"line":460,"column":57}},"86":{"start":{"line":465,"column":8},"end":{"line":465,"column":23}},"87":{"start":{"line":473,"column":8},"end":{"line":473,"column":67}},"88":{"start":{"line":475,"column":8},"end":{"line":475,"column":15977}},"89":{"start":{"line":476,"column":12},"end":{"line":476,"column":18}},"90":{"start":{"line":479,"column":8},"end":{"line":479,"column":16038}},"91":{"start":{"line":480,"column":12},"end":{"line":480,"column":54}},"92":{"start":{"line":483,"column":8},"end":{"line":483,"column":16140}},"93":{"start":{"line":484,"column":12},"end":{"line":484,"column":47}}},"branchMap":{"1":{"line":121,"type":"if","locations":[{"start":{"line":121,"column":8},"end":{"line":121,"column":8}},{"start":{"line":121,"column":8},"end":{"line":121,"column":8}}]},"2":{"line":131,"type":"if","locations":[{"start":{"line":131,"column":15},"end":{"line":131,"column":15}},{"start":{"line":131,"column":15},"end":{"line":131,"column":15}}]},"3":{"line":148,"type":"if","locations":[{"start":{"line":148,"column":68},"end":{"line":148,"column":68}},{"start":{"line":148,"column":68},"end":{"line":148,"column":68}}]},"4":{"line":149,"type":"if","locations":[{"start":{"line":149,"column":8},"end":{"line":149,"column":8}},{"start":{"line":149,"column":8},"end":{"line":149,"column":8}}]},"5":{"line":157,"type":"if","locations":[{"start":{"line":157,"column":49},"end":{"line":157,"column":49}},{"start":{"line":157,"column":49},"end":{"line":157,"column":49}}]},"6":{"line":163,"type":"if","locations":[{"start":{"line":163,"column":50},"end":{"line":163,"column":50}},{"start":{"line":163,"column":50},"end":{"line":163,"column":50}}]},"7":{"line":181,"type":"if","locations":[{"start":{"line":181,"column":8},"end":{"line":181,"column":8}},{"start":{"line":181,"column":8},"end":{"line":181,"column":8}}]},"8":{"line":191,"type":"if","locations":[{"start":{"line":191,"column":8},"end":{"line":191,"column":8}},{"start":{"line":191,"column":8},"end":{"line":191,"column":8}}]},"9":{"line":192,"type":"if","locations":[{"start":{"line":192,"column":8},"end":{"line":192,"column":8}},{"start":{"line":192,"column":8},"end":{"line":192,"column":8}}]},"10":{"line":216,"type":"if","locations":[{"start":{"line":216,"column":8},"end":{"line":216,"column":8}},{"start":{"line":216,"column":8},"end":{"line":216,"column":8}}]},"11":{"line":217,"type":"if","locations":[{"start":{"line":217,"column":8},"end":{"line":217,"column":8}},{"start":{"line":217,"column":8},"end":{"line":217,"column":8}}]},"12":{"line":220,"type":"if","locations":[{"start":{"line":220,"column":8},"end":{"line":220,"column":8}},{"start":{"line":220,"column":8},"end":{"line":220,"column":8}}]},"13":{"line":235,"type":"if","locations":[{"start":{"line":235,"column":8},"end":{"line":235,"column":8}},{"start":{"line":235,"column":8},"end":{"line":235,"column":8}}]},"14":{"line":236,"type":"if","locations":[{"start":{"line":236,"column":8},"end":{"line":236,"column":8}},{"start":{"line":236,"column":8},"end":{"line":236,"column":8}}]},"15":{"line":239,"type":"if","locations":[{"start":{"line":239,"column":8},"end":{"line":239,"column":8}},{"start":{"line":239,"column":8},"end":{"line":239,"column":8}}]},"16":{"line":247,"type":"if","locations":[{"start":{"line":247,"column":8},"end":{"line":247,"column":8}},{"start":{"line":247,"column":8},"end":{"line":247,"column":8}}]},"17":{"line":256,"type":"if","locations":[{"start":{"line":256,"column":8},"end":{"line":256,"column":8}},{"start":{"line":256,"column":8},"end":{"line":256,"column":8}}]},"18":{"line":257,"type":"if","locations":[{"start":{"line":257,"column":8},"end":{"line":257,"column":8}},{"start":{"line":257,"column":8},"end":{"line":257,"column":8}}]},"19":{"line":261,"type":"if","locations":[{"start":{"line":261,"column":8},"end":{"line":261,"column":8}},{"start":{"line":261,"column":8},"end":{"line":261,"column":8}}]},"20":{"line":289,"type":"if","locations":[{"start":{"line":289,"column":8},"end":{"line":289,"column":8}},{"start":{"line":289,"column":8},"end":{"line":289,"column":8}}]},"21":{"line":290,"type":"if","locations":[{"start":{"line":290,"column":8},"end":{"line":290,"column":8}},{"start":{"line":290,"column":8},"end":{"line":290,"column":8}}]},"22":{"line":294,"type":"if","locations":[{"start":{"line":294,"column":8},"end":{"line":294,"column":8}},{"start":{"line":294,"column":8},"end":{"line":294,"column":8}}]},"23":{"line":295,"type":"if","locations":[{"start":{"line":295,"column":8},"end":{"line":295,"column":8}},{"start":{"line":295,"column":8},"end":{"line":295,"column":8}}]},"24":{"line":296,"type":"if","locations":[{"start":{"line":296,"column":8},"end":{"line":296,"column":8}},{"start":{"line":296,"column":8},"end":{"line":296,"column":8}}]},"25":{"line":407,"type":"if","locations":[{"start":{"line":407,"column":8},"end":{"line":407,"column":8}},{"start":{"line":407,"column":8},"end":{"line":407,"column":8}}]},"26":{"line":417,"type":"if","locations":[{"start":{"line":417,"column":8},"end":{"line":417,"column":8}},{"start":{"line":417,"column":8},"end":{"line":417,"column":8}}]},"27":{"line":418,"type":"if","locations":[{"start":{"line":418,"column":8},"end":{"line":418,"column":8}},{"start":{"line":418,"column":8},"end":{"line":418,"column":8}}]},"28":{"line":419,"type":"if","locations":[{"start":{"line":419,"column":8},"end":{"line":419,"column":8}},{"start":{"line":419,"column":8},"end":{"line":419,"column":8}}]},"29":{"line":420,"type":"if","locations":[{"start":{"line":420,"column":8},"end":{"line":420,"column":8}},{"start":{"line":420,"column":8},"end":{"line":420,"column":8}}]},"30":{"line":424,"type":"if","locations":[{"start":{"line":424,"column":8},"end":{"line":424,"column":8}},{"start":{"line":424,"column":8},"end":{"line":424,"column":8}}]},"31":{"line":425,"type":"if","locations":[{"start":{"line":425,"column":8},"end":{"line":425,"column":8}},{"start":{"line":425,"column":8},"end":{"line":425,"column":8}}]},"32":{"line":430,"type":"if","locations":[{"start":{"line":430,"column":8},"end":{"line":430,"column":8}},{"start":{"line":430,"column":8},"end":{"line":430,"column":8}}]},"33":{"line":435,"type":"if","locations":[{"start":{"line":435,"column":8},"end":{"line":435,"column":8}},{"start":{"line":435,"column":8},"end":{"line":435,"column":8}}]},"34":{"line":444,"type":"if","locations":[{"start":{"line":444,"column":8},"end":{"line":444,"column":8}},{"start":{"line":444,"column":8},"end":{"line":444,"column":8}}]},"35":{"line":445,"type":"if","locations":[{"start":{"line":445,"column":8},"end":{"line":445,"column":8}},{"start":{"line":445,"column":8},"end":{"line":445,"column":8}}]},"36":{"line":446,"type":"if","locations":[{"start":{"line":446,"column":8},"end":{"line":446,"column":8}},{"start":{"line":446,"column":8},"end":{"line":446,"column":8}}]},"37":{"line":459,"type":"if","locations":[{"start":{"line":459,"column":8},"end":{"line":459,"column":8}},{"start":{"line":459,"column":8},"end":{"line":459,"column":8}}]},"38":{"line":475,"type":"if","locations":[{"start":{"line":475,"column":8},"end":{"line":475,"column":8}},{"start":{"line":475,"column":8},"end":{"line":475,"column":8}}]},"39":{"line":479,"type":"if","locations":[{"start":{"line":479,"column":8},"end":{"line":479,"column":8}},{"start":{"line":479,"column":8},"end":{"line":479,"column":8}}]},"40":{"line":483,"type":"if","locations":[{"start":{"line":483,"column":8},"end":{"line":483,"column":8}},{"start":{"line":483,"column":8},"end":{"line":483,"column":8}}]}}},"contracts\\VaultManager.sol":{"l":{"31":5,"32":4,"37":1,"38":1,"39":1,"40":1,"44":2,"45":1,"46":1,"50":2,"51":1,"52":1,"56":15,"57":15,"61":3,"62":3,"65":3,"67":3,"68":2,"69":2,"73":4,"74":4,"78":17,"82":2,"86":1},"path":"D:\\Blockchain\\final\\BankingSystem\\contracts\\VaultManager.sol","s":{"1":5,"2":1,"3":1,"4":2,"5":1,"6":2,"7":1,"8":15,"9":15,"10":3,"11":3,"12":3,"13":3,"14":2,"15":2,"16":4,"17":4,"18":17,"19":2,"20":1},"b":{"1":[1,4],"2":[0,1],"3":[0,0],"4":[2,0],"5":[1,1],"6":[2,0],"7":[1,1],"8":[15,0],"9":[3,0],"10":[0,3],"11":[3,0],"12":[1,2],"13":[4,1],"14":[4,0],"15":[2,0],"16":[1,0]},"f":{"1":5,"2":1,"3":2,"4":2,"5":15,"6":3,"7":4,"8":17,"9":2,"10":1},"fnMap":{"1":{"name":"onlySavingCore","line":30,"loc":{"start":{"line":30,"column":4},"end":{"line":33,"column":4}}},"2":{"name":"constructor","line":35,"loc":{"start":{"line":35,"column":4},"end":{"line":41,"column":4}}},"3":{"name":"setSavingCore","line":43,"loc":{"start":{"line":43,"column":4},"end":{"line":47,"column":4}}},"4":{"name":"setFeeReceiver","line":49,"loc":{"start":{"line":49,"column":4},"end":{"line":53,"column":4}}},"5":{"name":"fundVault","line":55,"loc":{"start":{"line":55,"column":4},"end":{"line":58,"column":4}}},"6":{"name":"withdrawVault","line":60,"loc":{"start":{"line":60,"column":4},"end":{"line":70,"column":4}}},"7":{"name":"payInterest","line":72,"loc":{"start":{"line":72,"column":4},"end":{"line":75,"column":4}}},"8":{"name":"availableVaultBalance","line":77,"loc":{"start":{"line":77,"column":4},"end":{"line":79,"column":4}}},"9":{"name":"pause","line":81,"loc":{"start":{"line":81,"column":4},"end":{"line":83,"column":4}}},"10":{"name":"unpause","line":85,"loc":{"start":{"line":85,"column":4},"end":{"line":87,"column":4}}}},"statementMap":{"1":{"start":{"line":31,"column":8},"end":{"line":31,"column":63}},"2":{"start":{"line":37,"column":8},"end":{"line":37,"column":96}},"3":{"start":{"line":40,"column":8},"end":{"line":40,"column":38}},"4":{"start":{"line":44,"column":8},"end":{"line":44,"column":52}},"5":{"start":{"line":46,"column":8},"end":{"line":46,"column":32}},"6":{"start":{"line":50,"column":8},"end":{"line":50,"column":56}},"7":{"start":{"line":52,"column":8},"end":{"line":52,"column":37}},"8":{"start":{"line":56,"column":8},"end":{"line":56,"column":64}},"9":{"start":{"line":57,"column":8},"end":{"line":57,"column":44}},"10":{"start":{"line":61,"column":8},"end":{"line":61,"column":56}},"11":{"start":{"line":62,"column":8},"end":{"line":62,"column":2254}},"12":{"start":{"line":65,"column":8},"end":{"line":65,"column":75}},"13":{"start":{"line":67,"column":8},"end":{"line":67,"column":70}},"14":{"start":{"line":68,"column":8},"end":{"line":68,"column":45}},"15":{"start":{"line":69,"column":8},"end":{"line":69,"column":47}},"16":{"start":{"line":73,"column":8},"end":{"line":73,"column":37}},"17":{"start":{"line":74,"column":8},"end":{"line":74,"column":37}},"18":{"start":{"line":78,"column":8},"end":{"line":78,"column":45}},"19":{"start":{"line":82,"column":8},"end":{"line":82,"column":15}},"20":{"start":{"line":86,"column":8},"end":{"line":86,"column":17}}},"branchMap":{"1":{"line":31,"type":"if","locations":[{"start":{"line":31,"column":8},"end":{"line":31,"column":8}},{"start":{"line":31,"column":8},"end":{"line":31,"column":8}}]},"2":{"line":37,"type":"if","locations":[{"start":{"line":37,"column":8},"end":{"line":37,"column":8}},{"start":{"line":37,"column":8},"end":{"line":37,"column":8}}]},"3":{"line":37,"type":"cond-expr","locations":[{"start":{"line":37,"column":12},"end":{"line":37,"column":37}},{"start":{"line":37,"column":42},"end":{"line":37,"column":73}}]},"4":{"line":43,"type":"if","locations":[{"start":{"line":43,"column":50},"end":{"line":43,"column":50}},{"start":{"line":43,"column":50},"end":{"line":43,"column":50}}]},"5":{"line":44,"type":"if","locations":[{"start":{"line":44,"column":8},"end":{"line":44,"column":8}},{"start":{"line":44,"column":8},"end":{"line":44,"column":8}}]},"6":{"line":49,"type":"if","locations":[{"start":{"line":49,"column":55},"end":{"line":49,"column":55}},{"start":{"line":49,"column":55},"end":{"line":49,"column":55}}]},"7":{"line":50,"type":"if","locations":[{"start":{"line":50,"column":8},"end":{"line":50,"column":8}},{"start":{"line":50,"column":8},"end":{"line":50,"column":8}}]},"8":{"line":55,"type":"if","locations":[{"start":{"line":55,"column":48},"end":{"line":55,"column":48}},{"start":{"line":55,"column":48},"end":{"line":55,"column":48}}]},"9":{"line":60,"type":"if","locations":[{"start":{"line":60,"column":52},"end":{"line":60,"column":52}},{"start":{"line":60,"column":52},"end":{"line":60,"column":52}}]},"10":{"line":63,"type":"if","locations":[{"start":{"line":63,"column":14},"end":{"line":63,"column":14}},{"start":{"line":64,"column":14},"end":{"line":64,"column":83}}]},"11":{"line":65,"type":"if","locations":[{"start":{"line":65,"column":53},"end":{"line":65,"column":70}},{"start":{"line":65,"column":74},"end":{"line":65,"column":74}}]},"12":{"line":67,"type":"if","locations":[{"start":{"line":67,"column":8},"end":{"line":67,"column":8}},{"start":{"line":67,"column":8},"end":{"line":67,"column":8}}]},"13":{"line":72,"type":"if","locations":[{"start":{"line":72,"column":62},"end":{"line":72,"column":62}},{"start":{"line":72,"column":62},"end":{"line":72,"column":62}}]},"14":{"line":72,"type":"if","locations":[{"start":{"line":72,"column":77},"end":{"line":72,"column":77}},{"start":{"line":72,"column":77},"end":{"line":72,"column":77}}]},"15":{"line":81,"type":"if","locations":[{"start":{"line":81,"column":30},"end":{"line":81,"column":30}},{"start":{"line":81,"column":30},"end":{"line":81,"column":30}}]},"16":{"line":85,"type":"if","locations":[{"start":{"line":85,"column":32},"end":{"line":85,"column":32}},{"start":{"line":85,"column":32},"end":{"line":85,"column":32}}]}}}}